Compiling the C compiler identification source file "CMakeCCompilerId.c" failed.
Compiler: /toolchain/gcc-arm-none-eabi-9-2019-q4-major/bin/arm-none-eabi-gcc 
Build flags: -g3;-O0;-fdebug-prefix-map=/opt/cfs=/home/diego/FreeRTOS_cFS/1_Try/SF2_cFS;-mcpu=cortex-m3;-mthumb;;-Wall;-fno-builtin;-std=gnu11;-fmessage-length=0;-ffunction-sections;-fdata-sections
Id flags:  

The output was:
1
/toolchain/gcc-arm-none-eabi-9-2019-q4-major/bin/../lib/gcc/arm-none-eabi/9.2.1/../../../../arm-none-eabi/bin/ld: /toolchain/gcc-arm-none-eabi-9-2019-q4-major/bin/../lib/gcc/arm-none-eabi/9.2.1/../../../../arm-none-eabi/lib/thumb/v7-m/nofp/libg.a(lib_a-exit.o): in function `exit':
exit.c:(.text.exit+0x16): undefined reference to `_exit'
collect2: error: ld returned 1 exit status


Detecting C compiler ABI info failed to compile with the following output:
Change Dir: /opt/cfs/build-SF2/cortex-m3/default_SF2/CMakeFiles/CMakeTmp

Run Build Command:"/usr/bin/make" "cmTC_a6fed/fast"
make[1]: Entering directory '/opt/cfs/build-SF2/cortex-m3/default_SF2/CMakeFiles/CMakeTmp'
/usr/bin/make -f CMakeFiles/cmTC_a6fed.dir/build.make CMakeFiles/cmTC_a6fed.dir/build
make[2]: Entering directory '/opt/cfs/build-SF2/cortex-m3/default_SF2/CMakeFiles/CMakeTmp'
Building C object CMakeFiles/cmTC_a6fed.dir/CMakeCCompilerABI.c.obj
/toolchain/gcc-arm-none-eabi-9-2019-q4-major/bin/arm-none-eabi-gcc   -g3 -O0 -fdebug-prefix-map=/opt/cfs=/home/diego/FreeRTOS_cFS/1_Try/SF2_cFS -mcpu=cortex-m3 -mthumb  -Wall -fno-builtin -std=gnu11 -fmessage-length=0 -ffunction-sections -fdata-sections    -include osconfig.h -o CMakeFiles/cmTC_a6fed.dir/CMakeCCompilerABI.c.obj   -c /usr/share/cmake-3.10/Modules/CMakeCCompilerABI.c
cc1: fatal error: osconfig.h: No such file or directory
compilation terminated.
CMakeFiles/cmTC_a6fed.dir/build.make:65: recipe for target 'CMakeFiles/cmTC_a6fed.dir/CMakeCCompilerABI.c.obj' failed
make[2]: *** [CMakeFiles/cmTC_a6fed.dir/CMakeCCompilerABI.c.obj] Error 1
make[2]: Leaving directory '/opt/cfs/build-SF2/cortex-m3/default_SF2/CMakeFiles/CMakeTmp'
Makefile:126: recipe for target 'cmTC_a6fed/fast' failed
make[1]: *** [cmTC_a6fed/fast] Error 2
make[1]: Leaving directory '/opt/cfs/build-SF2/cortex-m3/default_SF2/CMakeFiles/CMakeTmp'



Detecting C [-std=c11] compiler features failed to compile with the following output:
Change Dir: /opt/cfs/build-SF2/cortex-m3/default_SF2/CMakeFiles/CMakeTmp

Run Build Command:"/usr/bin/make" "cmTC_bec5b/fast"
make[1]: Entering directory '/opt/cfs/build-SF2/cortex-m3/default_SF2/CMakeFiles/CMakeTmp'
/usr/bin/make -f CMakeFiles/cmTC_bec5b.dir/build.make CMakeFiles/cmTC_bec5b.dir/build
make[2]: Entering directory '/opt/cfs/build-SF2/cortex-m3/default_SF2/CMakeFiles/CMakeTmp'
Building C object CMakeFiles/cmTC_bec5b.dir/feature_tests.c.obj
/toolchain/gcc-arm-none-eabi-9-2019-q4-major/bin/arm-none-eabi-gcc   -g3 -O0 -fdebug-prefix-map=/opt/cfs=/home/diego/FreeRTOS_cFS/1_Try/SF2_cFS -mcpu=cortex-m3 -mthumb  -Wall -fno-builtin -std=gnu11 -fmessage-length=0 -ffunction-sections -fdata-sections    -include osconfig.h -std=c11 -o CMakeFiles/cmTC_bec5b.dir/feature_tests.c.obj   -c /opt/cfs/build-SF2/cortex-m3/default_SF2/CMakeFiles/feature_tests.c
cc1: fatal error: osconfig.h: No such file or directory
compilation terminated.
CMakeFiles/cmTC_bec5b.dir/build.make:65: recipe for target 'CMakeFiles/cmTC_bec5b.dir/feature_tests.c.obj' failed
make[2]: *** [CMakeFiles/cmTC_bec5b.dir/feature_tests.c.obj] Error 1
make[2]: Leaving directory '/opt/cfs/build-SF2/cortex-m3/default_SF2/CMakeFiles/CMakeTmp'
Makefile:126: recipe for target 'cmTC_bec5b/fast' failed
make[1]: *** [cmTC_bec5b/fast] Error 2
make[1]: Leaving directory '/opt/cfs/build-SF2/cortex-m3/default_SF2/CMakeFiles/CMakeTmp'



